2025-03-18T16:33:32.056+09:00  INFO 26472 --- [main] org.shop.api.ApiApplication              : Starting ApiApplication using Java 21.0.5 with PID 26472 (C:\Users\lsm\Documents\Java\admin\service\api\build\classes\java\main started by lsm in C:\Users\lsm\Documents\Java\admin\service)
2025-03-18T16:33:32.057+09:00  INFO 26472 --- [main] org.shop.api.ApiApplication              : No active profile set, falling back to 1 default profile: "default"
2025-03-18T16:33:32.411+09:00  INFO 26472 --- [main] .s.d.r.c.RepositoryConfigurationDelegate : Bootstrapping Spring Data JPA repositories in DEFAULT mode.
2025-03-18T16:33:32.423+09:00  INFO 26472 --- [main] .s.d.r.c.RepositoryConfigurationDelegate : Finished Spring Data repository scanning in 6 ms. Found 0 JPA repository interfaces.
2025-03-18T16:33:32.684+09:00  INFO 26472 --- [main] o.s.b.w.embedded.tomcat.TomcatWebServer  : Tomcat initialized with port 8080 (http)
2025-03-18T16:33:32.693+09:00  INFO 26472 --- [main] o.apache.catalina.core.StandardService   : Starting service [Tomcat]
2025-03-18T16:33:32.694+09:00  INFO 26472 --- [main] o.apache.catalina.core.StandardEngine    : Starting Servlet engine: [Apache Tomcat/10.1.36]
2025-03-18T16:33:32.729+09:00  INFO 26472 --- [main] o.a.c.c.C.[Tomcat].[localhost].[/]       : Initializing Spring embedded WebApplicationContext
2025-03-18T16:33:32.730+09:00  INFO 26472 --- [main] w.s.c.ServletWebServerApplicationContext : Root WebApplicationContext: initialization completed in 647 ms
2025-03-18T16:33:32.816+09:00  INFO 26472 --- [main] o.hibernate.jpa.internal.util.LogHelper  : HHH000204: Processing PersistenceUnitInfo [name: default]
2025-03-18T16:33:32.852+09:00  INFO 26472 --- [main] org.hibernate.Version                    : HHH000412: Hibernate ORM core version 6.6.8.Final
2025-03-18T16:33:32.872+09:00  INFO 26472 --- [main] o.h.c.internal.RegionFactoryInitiator    : HHH000026: Second-level cache disabled
2025-03-18T16:33:33.067+09:00  INFO 26472 --- [main] o.s.o.j.p.SpringPersistenceUnitInfo      : No LoadTimeWeaver setup: ignoring JPA class transformer
2025-03-18T16:33:33.086+09:00  INFO 26472 --- [main] com.zaxxer.hikari.HikariDataSource       : HikariPool-1 - Starting...
2025-03-18T16:33:33.168+09:00  INFO 26472 --- [main] com.zaxxer.hikari.pool.HikariPool        : HikariPool-1 - Added connection org.postgresql.jdbc.PgConnection@74b97416
2025-03-18T16:33:33.170+09:00  INFO 26472 --- [main] com.zaxxer.hikari.HikariDataSource       : HikariPool-1 - Start completed.
2025-03-18T16:33:33.213+09:00  INFO 26472 --- [main] org.hibernate.orm.connections.pooling    : HHH10001005: Database info:
	Database JDBC URL [Connecting through datasource 'HikariDataSource (HikariPool-1)']
	Database driver: undefined/unknown
	Database version: 16.2
	Autocommit mode: undefined/unknown
	Isolation level: undefined/unknown
	Minimum pool size: undefined/unknown
	Maximum pool size: undefined/unknown
2025-03-18T16:33:33.426+09:00  INFO 26472 --- [main] o.h.e.t.j.p.i.JtaPlatformInitiator       : HHH000489: No JTA platform available (set 'hibernate.transaction.jta.platform' to enable JTA platform integration)
2025-03-18T16:33:33.429+09:00  INFO 26472 --- [main] j.LocalContainerEntityManagerFactoryBean : Initialized JPA EntityManagerFactory for persistence unit 'default'
2025-03-18T16:33:33.452+09:00  WARN 26472 --- [main] JpaBaseConfiguration$JpaWebConfiguration : spring.jpa.open-in-view is enabled by default. Therefore, database queries may be performed during view rendering. Explicitly configure spring.jpa.open-in-view to disable this warning
2025-03-18T16:33:33.676+09:00  INFO 26472 --- [main] o.s.b.w.embedded.tomcat.TomcatWebServer  : Tomcat started on port 8080 (http) with context path '/'
2025-03-18T16:33:33.680+09:00  INFO 26472 --- [main] org.shop.api.ApiApplication              : Started ApiApplication in 1.924 seconds (process running for 2.245)
2025-03-18T16:36:35.367+09:00  INFO 26472 --- [SpringApplicationShutdownHook] o.s.b.w.e.tomcat.GracefulShutdown        : Commencing graceful shutdown. Waiting for active requests to complete
2025-03-18T16:36:35.371+09:00  INFO 26472 --- [tomcat-shutdown] o.s.b.w.e.tomcat.GracefulShutdown        : Graceful shutdown complete
2025-03-18T16:36:35.374+09:00  INFO 26472 --- [SpringApplicationShutdownHook] j.LocalContainerEntityManagerFactoryBean : Closing JPA EntityManagerFactory for persistence unit 'default'
2025-03-18T16:36:35.374+09:00  INFO 26472 --- [SpringApplicationShutdownHook] com.zaxxer.hikari.HikariDataSource       : HikariPool-1 - Shutdown initiated...
2025-03-18T16:36:35.377+09:00  INFO 26472 --- [SpringApplicationShutdownHook] com.zaxxer.hikari.HikariDataSource       : HikariPool-1 - Shutdown completed.
